<?xml version="1.0" encoding="UTF-8"?>
<!-- Generated by org.testng.reporters.JUnitXMLReporter -->
<testsuite hostname="gs-sr-02" name="Default test" tests="1" failures="0" timestamp="2 Jun 2015 04:14:09 GMT" time="0.264" errors="0">
  <testcase name="@BeforeMethod beforeTest" time="0.0" classname="com.applitrack.test.automation.tests.LogInTest">
    <failure type="org.testng.TestNGException" message="
Parameter &amp;apos;remoteURL&amp;apos; is required by @Configuration on method beforeTest but has not been marked @Optional or defined
in C:\Users\mayur\AppData\Local\Temp\2\testng-eclipse--1517230806\testng-customsuite.xml">
      <![CDATA[org.testng.TestNGException: 
Parameter 'remoteURL' is required by @Configuration on method beforeTest but has not been marked @Optional or defined
in C:\Users\mayur\AppData\Local\Temp\2\testng-eclipse--1517230806\testng-customsuite.xml
	at org.testng.internal.Parameters.createParameters(Parameters.java:155)
	at org.testng.internal.Parameters.createParameters(Parameters.java:358)
	at org.testng.internal.Parameters.createConfigurationParameters(Parameters.java:86)
	at org.testng.internal.Invoker.invokeConfigurations(Invoker.java:199)
	at org.testng.internal.Invoker.invokeMethod(Invoker.java:653)
	at org.testng.internal.Invoker.invokeTestMethod(Invoker.java:901)
	at org.testng.internal.Invoker.invokeTestMethods(Invoker.java:1231)
	at org.testng.internal.TestMethodWorker.invokeTestMethods(TestMethodWorker.java:127)
	at org.testng.internal.TestMethodWorker.run(TestMethodWorker.java:111)
	at org.testng.TestRunner.privateRun(TestRunner.java:767)
	at org.testng.TestRunner.run(TestRunner.java:617)
	at org.testng.SuiteRunner.runTest(SuiteRunner.java:334)
	at org.testng.SuiteRunner.runSequentially(SuiteRunner.java:329)
	at org.testng.SuiteRunner.privateRun(SuiteRunner.java:291)
	at org.testng.SuiteRunner.run(SuiteRunner.java:240)
	at org.testng.SuiteRunnerWorker.runSuite(SuiteRunnerWorker.java:52)
	at org.testng.SuiteRunnerWorker.run(SuiteRunnerWorker.java:86)
	at org.testng.TestNG.runSuitesSequentially(TestNG.java:1224)
	at org.testng.TestNG.runSuitesLocally(TestNG.java:1149)
	at org.testng.TestNG.run(TestNG.java:1057)
	at org.testng.remote.RemoteTestNG.run(RemoteTestNG.java:111)
	at org.testng.remote.RemoteTestNG.initAndRun(RemoteTestNG.java:204)
	at org.testng.remote.RemoteTestNG.main(RemoteTestNG.java:175)
]]>
    </failure>
  </testcase> <!-- @BeforeMethod beforeTest -->
  <testcase name="@AfterMethod afterTest" time="0.0" classname="com.applitrack.test.automation.tests.LogInTest">
    <skipped/>
  </testcase> <!-- @AfterMethod afterTest -->
  <testcase name="sucessfullLoginTest" time="0.002" classname="com.applitrack.test.automation.tests.LogInTest">
    <skipped/>
  </testcase> <!-- sucessfullLoginTest -->
</testsuite> <!-- Default test -->
